0 info it worked if it ends with ok
1 verbose cli [ 'node',
1 verbose cli   '/Users/user/.nvm/v0.10.30/bin/npm',
1 verbose cli   'install',
1 verbose cli   '-g',
1 verbose cli   'yo' ]
2 info using npm@2.1.8
3 info using node@v0.10.30
4 silly cache add args [ 'yo', null ]
5 verbose cache add spec yo
6 silly cache add parsed spec { raw: 'yo',
6 silly cache add   scope: null,
6 silly cache add   name: 'yo',
6 silly cache add   rawSpec: '',
6 silly cache add   spec: '*',
6 silly cache add   type: 'range' }
7 verbose addNamed yo@*
8 silly addNamed semver.valid null
9 silly addNamed semver.validRange *
10 silly addNameRange { name: 'yo', range: '*', hasData: false }
11 silly mapToRegistry name yo
12 silly mapToRegistry using default registry
13 silly mapToRegistry registry https://registry.npmjs.org/
14 silly mapToRegistry uri https://registry.npmjs.org/yo
15 verbose addNameRange registry:https://registry.npmjs.org/yo not in flight; fetching
16 verbose request uri https://registry.npmjs.org/yo
17 verbose request no auth needed
18 info attempt registry request try #1 at 22:21:56
19 verbose request id 124a727b1945b721
20 verbose etag "D7QUCIIKZTKRII3VHJQPUF2UB"
21 http request GET https://registry.npmjs.org/yo
22 http 200 https://registry.npmjs.org/yo
23 silly get cb [ 200,
23 silly get   { date: 'Thu, 15 Jan 2015 22:21:57 GMT',
23 silly get     server: 'CouchDB/1.5.0 (Erlang OTP/R16B03)',
23 silly get     etag: '"36QE0J5Q0N2F5K44ZQ1H2AA5C"',
23 silly get     'content-type': 'application/json',
23 silly get     'cache-control': 'max-age=60',
23 silly get     'content-length': '53630',
23 silly get     'accept-ranges': 'bytes',
23 silly get     via: '1.1 varnish',
23 silly get     age: '0',
23 silly get     'x-served-by': 'cache-lhr6334-LHR',
23 silly get     'x-cache': 'HIT',
23 silly get     'x-cache-hits': '1',
23 silly get     'x-timer': 'S1421360516.406314,VS0,VE626',
23 silly get     vary: 'Accept',
23 silly get     'keep-alive': 'timeout=10, max=50',
23 silly get     connection: 'Keep-Alive' } ]
24 silly addNameRange number 2 { name: 'yo', range: '*', hasData: true }
25 silly addNameRange versions [ 'yo',
25 silly addNameRange   [ '1.0.0-beta.1',
25 silly addNameRange     '1.0.0-beta.2',
25 silly addNameRange     '1.0.0-beta.3',
25 silly addNameRange     '1.0.0-beta.4',
25 silly addNameRange     '1.0.0-beta.5',
25 silly addNameRange     '1.0.0-beta.6',
25 silly addNameRange     '1.0.0-beta.7',
25 silly addNameRange     '1.0.0-rc.1',
25 silly addNameRange     '1.0.0-rc.1.1',
25 silly addNameRange     '1.0.0-rc.1.2',
25 silly addNameRange     '1.0.0-rc.1.3',
25 silly addNameRange     '1.0.0-rc.1.4',
25 silly addNameRange     '1.0.0',
25 silly addNameRange     '1.0.1',
25 silly addNameRange     '1.0.2',
25 silly addNameRange     '1.0.3',
25 silly addNameRange     '1.0.4',
25 silly addNameRange     '1.0.5',
25 silly addNameRange     '1.0.6',
25 silly addNameRange     '1.0.7-pre.1',
25 silly addNameRange     '1.0.7-pre.2',
25 silly addNameRange     '1.0.7-pre.3',
25 silly addNameRange     '1.1.0',
25 silly addNameRange     '1.1.1',
25 silly addNameRange     '1.1.2',
25 silly addNameRange     '1.2.0',
25 silly addNameRange     '1.2.1',
25 silly addNameRange     '1.3.0',
25 silly addNameRange     '1.3.2',
25 silly addNameRange     '1.3.3',
25 silly addNameRange     '1.4.1',
25 silly addNameRange     '1.4.2' ] ]
26 verbose addNamed yo@1.4.2
27 silly addNamed semver.valid 1.4.2
28 silly addNamed semver.validRange 1.4.2
29 silly mapToRegistry name yo
30 silly mapToRegistry using default registry
31 silly mapToRegistry registry https://registry.npmjs.org/
32 silly mapToRegistry uri https://registry.npmjs.org/yo
33 verbose addRemoteTarball https://registry.npmjs.org/yo/-/yo-1.4.2.tgz not in flight; adding
34 verbose addRemoteTarball [ 'https://registry.npmjs.org/yo/-/yo-1.4.2.tgz',
34 verbose addRemoteTarball   '8162f7b0513a0094de38f05b71ad2cef0d68b5c2' ]
35 info retry fetch attempt 1 at 22:21:58
36 info attempt registry request try #1 at 22:21:58
37 http fetch GET https://registry.npmjs.org/yo/-/yo-1.4.2.tgz
38 http fetch 200 https://registry.npmjs.org/yo/-/yo-1.4.2.tgz
39 silly fetchAndShaCheck shasum 8162f7b0513a0094de38f05b71ad2cef0d68b5c2
40 verbose addTmpTarball /var/folders/f7/2ycncf_52c58y9czv4kt9zjw0000gn/T/npm-5454-b082ed7b/registry.npmjs.org/yo/-/yo-1.4.2.tgz not in flight; adding
41 verbose addTmpTarball already have metadata; skipping unpack for yo@1.4.2
42 silly cache afterAdd yo@1.4.2
43 verbose afterAdd /Users/user/.npm/yo/1.4.2/package/package.json not in flight; writing
44 verbose afterAdd /Users/user/.npm/yo/1.4.2/package/package.json written
45 silly install resolved [ { name: 'yo',
45 silly install resolved     version: '1.4.2',
45 silly install resolved     description: 'CLI tool for running Yeoman generators',
45 silly install resolved     license: 'BSD',
45 silly install resolved     bin: { yo: 'lib/cli.js' },
45 silly install resolved     author: { name: 'Yeoman team' },
45 silly install resolved     repository: { type: 'git', url: 'https://github.com/yeoman/yo' },
45 silly install resolved     engines: { node: '>=0.10.0', npm: '>=2.1.0' },
45 silly install resolved     scripts:
45 silly install resolved      { test: 'jshint . && mocha test/**/*.js',
45 silly install resolved        postinstall: 'yodoctor',
45 silly install resolved        postupdate: 'yodoctor',
45 silly install resolved        prepublish: 'nsp audit-package' },
45 silly install resolved     files: [ 'lib' ],
45 silly install resolved     keywords:
45 silly install resolved      [ 'cli-app',
45 silly install resolved        'cli',
45 silly install resolved        'bin',
45 silly install resolved        'front-end',
45 silly install resolved        'development',
45 silly install resolved        'dev',
45 silly install resolved        'build',
45 silly install resolved        'web',
45 silly install resolved        'tool',
45 silly install resolved        'scaffold',
45 silly install resolved        'stack',
45 silly install resolved        'yeoman',
45 silly install resolved        'generator',
45 silly install resolved        'generate',
45 silly install resolved        'app',
45 silly install resolved        'boilerplate' ],
45 silly install resolved     dependencies:
45 silly install resolved      { 'array-uniq': '^1.0.2',
45 silly install resolved        async: '^0.9.0',
45 silly install resolved        chalk: '^0.5.1',
45 silly install resolved        configstore: '^0.3.1',
45 silly install resolved        'cross-spawn': '^0.2.3',
45 silly install resolved        'custom-error': '^0.2.0',
45 silly install resolved        figures: '^1.3.5',
45 silly install resolved        findup: '^0.1.5',
45 silly install resolved        fullname: '^1.0.0',
45 silly install resolved        inquirer: '^0.8.0',
45 silly install resolved        insight: '^0.4.3',
45 silly install resolved        lodash: '^2.4.1',
45 silly install resolved        meow: '^2.0.0',
45 silly install resolved        opn: '^1.0.0',
45 silly install resolved        request: '^2.48.0',
45 silly install resolved        'root-check': '^1.0.0',
45 silly install resolved        shelljs: '^0.3.0',
45 silly install resolved        'sort-on': '^1.0.0',
45 silly install resolved        'string-length': '^1.0.0',
45 silly install resolved        'underscore.string': '^2.3.3',
45 silly install resolved        'update-notifier': '^0.2.2',
45 silly install resolved        'user-home': '^1.1.0',
45 silly install resolved        'yeoman-character': '^1.0.0',
45 silly install resolved        'yeoman-doctor': '^1.0.0',
45 silly install resolved        'yeoman-environment': '^1.0.1',
45 silly install resolved        yosay: '^1.0.0' },
45 silly install resolved     devDependencies:
45 silly install resolved      { jshint: '^2.5.11',
45 silly install resolved        mocha: '^2.1.0',
45 silly install resolved        mockery: '^1.4.0',
45 silly install resolved        nock: '^0.55.0',
45 silly install resolved        nsp: '*',
45 silly install resolved        proxyquire: '^1.0.1',
45 silly install resolved        sinon: '^1.12.1' },
45 silly install resolved     engineStrict: true,
45 silly install resolved     preferGlobal: true,
45 silly install resolved     gitHead: '9a3b9570ef8f028626038483a6717e3ad22f1d3f',
45 silly install resolved     bugs: { url: 'https://github.com/yeoman/yo/issues' },
45 silly install resolved     homepage: 'https://github.com/yeoman/yo',
45 silly install resolved     _id: 'yo@1.4.2',
45 silly install resolved     _shasum: '8162f7b0513a0094de38f05b71ad2cef0d68b5c2',
45 silly install resolved     _from: 'yo@*',
45 silly install resolved     _npmVersion: '2.1.16',
45 silly install resolved     _nodeVersion: '0.10.32',
45 silly install resolved     _npmUser: { name: 'sindresorhus', email: 'sindresorhus@gmail.com' },
45 silly install resolved     maintainers: [ [Object], [Object], [Object], [Object], [Object], [Object] ],
45 silly install resolved     dist:
45 silly install resolved      { shasum: '8162f7b0513a0094de38f05b71ad2cef0d68b5c2',
45 silly install resolved        tarball: 'http://registry.npmjs.org/yo/-/yo-1.4.2.tgz' },
45 silly install resolved     directories: {},
45 silly install resolved     _resolved: 'https://registry.npmjs.org/yo/-/yo-1.4.2.tgz' } ]
46 info install yo@1.4.2 into /Users/user/.nvm/v0.10.30/lib
47 info installOne yo@1.4.2
48 verbose installOne of yo to /Users/user/.nvm/v0.10.30/lib not in flight; installing
49 verbose lock using /Users/user/.npm/_locks/yo-074e1fc7930c7594.lock for /Users/user/.nvm/v0.10.30/lib/node_modules/yo
50 silly install write writing yo 1.4.2 to /Users/user/.nvm/v0.10.30/lib/node_modules/yo
51 silly cache addNamed cb yo@1.4.2
52 verbose unbuild lib/node_modules/yo
53 info preuninstall yo@1.3.3
54 info uninstall yo@1.3.3
55 verbose unbuild rmStuff yo@1.3.3 from /Users/user/.nvm/v0.10.30/lib/node_modules
56 verbose /Users/user/.nvm/v0.10.30/bin,[object Object] binRoot
57 verbose gentlyRm verifying that /Users/user/.nvm/v0.10.30/lib/node_modules/yo is managed by npm
58 silly cacheAndTest /Users/user/.nvm/v0.10.30/lib/node_modules/yo is inside /Users/user/.nvm/v0.10.30/lib/node_modules
59 silly gentlyRm /Users/user/.nvm/v0.10.30/lib/node_modules/yo is managed by npm
60 silly gentlyRm /Users/user/.nvm/v0.10.30/bin/yo is not under /Users/user/.nvm/v0.10.30/lib/node_modules/yo
61 silly gentlyRm checking to see if /Users/user/.nvm/v0.10.30/bin/yo is a link
62 silly gentlyRm /Users/user/.nvm/v0.10.30/bin/yo is a link
63 silly gentlyRm /Users/user/.nvm/v0.10.30/lib/node_modules/yo/cli.js inside /Users/user/.nvm/v0.10.30/lib/node_modules/yo
64 verbose gentlyRm vacuuming /Users/user/.nvm/v0.10.30/bin/yo
65 silly gentlyRm removing /Users/user/.nvm/v0.10.30/bin/yo
66 silly gentlyRm quitting because other entries in /Users/user/.nvm/v0.10.30/bin
67 info postuninstall yo@1.3.3
68 verbose gentlyRm vacuuming /Users/user/.nvm/v0.10.30/lib/node_modules/yo
69 silly gentlyRm purging /Users/user/.nvm/v0.10.30/lib/node_modules/yo
70 verbose unlock done using /Users/user/.npm/_locks/yo-074e1fc7930c7594.lock for /Users/user/.nvm/v0.10.30/lib/node_modules/yo
71 verbose stack Error: EACCES, unlink '/Users/user/.nvm/v0.10.30/lib/node_modules/yo/cli.js'
72 verbose cwd /Users/user/projects/synote.js/client
73 error Darwin 14.0.0
74 error argv "node" "/Users/user/.nvm/v0.10.30/bin/npm" "install" "-g" "yo"
75 error node v0.10.30
76 error npm  v2.1.8
77 error path /Users/user/.nvm/v0.10.30/lib/node_modules/yo/cli.js
78 error code EACCES
79 error errno 3
80 error Error: EACCES, unlink '/Users/user/.nvm/v0.10.30/lib/node_modules/yo/cli.js'
80 error  { [Error: EACCES, unlink '/Users/user/.nvm/v0.10.30/lib/node_modules/yo/cli.js']
80 error   errno: 3,
80 error   code: 'EACCES',
80 error   path: '/Users/user/.nvm/v0.10.30/lib/node_modules/yo/cli.js' }
81 error Please try running this command again as root/Administrator.
82 verbose exit [ 3, true ]
83 verbose unbuild lib/node_modules/yo
84 info preuninstall yo@1.3.3
85 info uninstall yo@1.3.3
86 verbose unbuild rmStuff yo@1.3.3 from /Users/user/.nvm/v0.10.30/lib/node_modules
87 verbose /Users/user/.nvm/v0.10.30/bin,[object Object] binRoot
88 verbose gentlyRm verifying that /Users/user/.nvm/v0.10.30/lib/node_modules/yo is managed by npm
89 silly isManaged /Users/user/.nvm/v0.10.30/lib/node_modules/yo is inside /Users/user/.nvm/v0.10.30/lib/node_modules
90 silly gentlyRm /Users/user/.nvm/v0.10.30/lib/node_modules/yo is managed by npm
91 silly gentlyRm /Users/user/.nvm/v0.10.30/bin/yo is not under /Users/user/.nvm/v0.10.30/lib/node_modules/yo
92 silly gentlyRm checking to see if /Users/user/.nvm/v0.10.30/bin/yo is a link
93 info postuninstall yo@1.3.3
94 verbose gentlyRm vacuuming /Users/user/.nvm/v0.10.30/lib/node_modules/yo
95 silly gentlyRm purging /Users/user/.nvm/v0.10.30/lib/node_modules/yo
96 error error rolling back Error: EACCES, unlink '/Users/user/.nvm/v0.10.30/lib/node_modules/yo/cli.js'
96 error error rolling back  { [Error: EACCES, unlink '/Users/user/.nvm/v0.10.30/lib/node_modules/yo/cli.js']
96 error error rolling back   errno: 3,
96 error error rolling back   code: 'EACCES',
96 error error rolling back   path: '/Users/user/.nvm/v0.10.30/lib/node_modules/yo/cli.js' }
